[Desc][Open client.ini faild]

[Desc][Open Font.ini faild]

[Desc][Open locate.ini faild]

[Desc]FILE: d:\workspace\dj_ud\elfonline\elfclient\gamedata\BaseQuery.h (57)

[LOST] Open .\data\db\C_Level.ini is fail.
[Desc]FILE: d:\workspace\dj_ud\elfonline\elfclient\gamedata\BaseQuery.h (57)

[LOST] Open .\data\db\C_Berserker.ini is fail.
[Desc]FILE: d:\workspace\dj_ud\elfonline\elfclient\gamedata\BaseQuery.h (57)

[LOST] Open .\data\db\C_Paladin.ini is fail.
[Desc]FILE: d:\workspace\dj_ud\elfonline\elfclient\gamedata\BaseQuery.h (57)

[LOST] Open .\data\db\C_Ranger.ini is fail.
[Desc]FILE: d:\workspace\dj_ud\elfonline\elfclient\gamedata\BaseQuery.h (57)

[LOST] Open .\data\db\C_Assassin.ini is fail.
[Desc]FILE: d:\workspace\dj_ud\elfonline\elfclient\gamedata\BaseQuery.h (57)

[LOST] Open .\data\db\C_Templar.ini is fail.
[Desc]FILE: d:\workspace\dj_ud\elfonline\elfclient\gamedata\BaseQuery.h (57)

[LOST] Open .\data\db\C_Sage.ini is fail.
[Desc]FILE: d:\workspace\dj_ud\elfonline\elfclient\gamedata\BaseQuery.h (57)

[LOST] Open .\data\db\C_Wizard.ini is fail.
[Desc]FILE: d:\workspace\dj_ud\elfonline\elfclient\gamedata\BaseQuery.h (57)

[LOST] Open .\data\db\C_Necromancer.ini is fail.
[Desc]FILE: d:\workspace\dj_ud\elfonline\elfclient\gamedata\BaseQuery.h (57)

[LOST] Open .\data\db\C_Assault.ini is fail.
[Desc]FILE: d:\workspace\dj_ud\elfonline\elfclient\gamedata\BaseQuery.h (57)

[LOST] Open .\data\db\C_SpecialAgent.ini is fail.
[Desc]FILE: d:\workspace\dj_ud\elfonline\elfclient\gamedata\BaseQuery.h (57)

[LOST] Open .\data\db\C_SpaceTraveler.ini is fail.
[Desc]FILE: d:\workspace\dj_ud\elfonline\elfclient\gamedata\BaseQuery.h (57)

[LOST] Open .\data\db\C_TimeTraveler.ini is fail.
[Desc]FILE: d:\workspace\dj_ud\elfonline\elfclient\gamedata\BaseQuery.h (57)

[LOST] Open .\data\db\C_Monster.ini is fail.
[Desc]FILE: d:\workspace\dj_ud\elfonline\elfclient\gamedata\BaseQuery.h (57)

[LOST] Open .\data\db\C_Ai.ini is fail.
[Desc]FILE: d:\workspace\dj_ud\elfonline\elfclient\gamedata\BaseQuery.h (57)

[LOST] Open .\data\db\C_ElfTeamFight.ini is fail.
[Desc]FILE: d:\workspace\dj_ud\elfonline\elfclient\gamedata\BaseQuery.h (57)

[LOST] Open .\data\db\C_Item.ini is fail.
[Desc]FILE: d:\workspace\dj_ud\elfonline\elfclient\gamedata\BaseQuery.h (57)

[LOST] Open .\data\db\C_ItemMall.ini is fail.
[Desc]FILE: d:\workspace\dj_ud\elfonline\elfclient\gamedata\BaseQuery.h (57)

[LOST] Open .\data\db\C_DropItem.ini is fail.
[Desc]FILE: d:\workspace\dj_ud\elfonline\elfclient\gamedata\BaseQuery.h (57)

[LOST] Open .\data\db\C_ItemCombo.ini is fail.
[Desc]FILE: d:\workspace\dj_ud\elfonline\elfclient\gamedata\BaseQuery.h (57)

[LOST] Open .\data\db\C_EquipSet.ini is fail.
[Desc]FILE: d:\workspace\dj_ud\elfonline\elfclient\gamedata\BaseQuery.h (57)

[LOST] Open .\data\db\C_GrowEquip.ini is fail.
[Desc]FILE: d:\workspace\dj_ud\elfonline\elfclient\gamedata\BaseQuery.h (57)

[LOST] Open .\data\db\C_Spell.ini is fail.
[Desc]FILE: d:\workspace\dj_ud\elfonline\elfclient\gamedata\BaseQuery.h (57)

[LOST] Open .\data\db\C_Enchant.ini is fail.
[Desc]FILE: d:\workspace\dj_ud\elfonline\elfclient\gamedata\BaseQuery.h (57)

[LOST] Open .\data\db\C_TextIndex.ini is fail.
[Desc]FILE: d:\workspace\dj_ud\elfonline\elfclient\gamedata\BaseQuery.h (57)

[LOST] Open .\data\db\C_Dialogue.ini is fail.
[Desc]FILE: d:\workspace\dj_ud\elfonline\elfclient\gamedata\BaseQuery.h (57)

[LOST] Open .\data\db\C_Npc.ini is fail.
[Desc]FILE: d:\workspace\dj_ud\elfonline\elfclient\gamedata\BaseQuery.h (57)

[LOST] Open .\data\db\C_Mission.ini is fail.
[Desc]FILE: d:\workspace\dj_ud\elfonline\elfclient\gamedata\BaseQuery.h (57)

[LOST] Open .\data\db\C_Store.ini is fail.
[Desc]FILE: d:\workspace\dj_ud\elfonline\elfclient\gamedata\BaseQuery.h (57)

[LOST] Open .\data\db\C_Node.ini is fail.
[Desc]FILE: d:\workspace\dj_ud\elfonline\elfclient\gamedata\BaseQuery.h (57)

[LOST] Open .\data\db\C_Parameter.ini is fail.
[Desc]FILE: ..\GD_INI.cpp (189)

Open .\data\db\RideList.ini failed!!
[Desc]FILE: ..\GD_INI.cpp (189)

Open .\data\db\MonsterList.ini failed!!
[Desc]FILE: ..\GD_INI.cpp (189)

Open .\data\db\NPCList.ini failed!!
[Desc]FILE: ..\GD_INI.cpp (189)

Open .\data\db\ELFList.ini failed!!
[Desc]FILE: ..\GD_INI.cpp (189)

Open .\data\db\Equip.ini failed!!
